<?xml version="1.0" encoding="UTF-8"?>
<!-- Generated by org.testng.reporters.JUnitReportReporter -->
<testsuite name="com.krishna.test.ExcelDataProviderTestWithHashTable" tests="2" time="0.022" ignored="0" failures="0" timestamp="20 Mar 2019 00:37:08 GMT" skipped="0" hostname="Krishnas-MacBook-Pro-2.local" errors="0">
  <testcase name="testDataProviderUsingHashTableExample" time="0.020" classname="com.krishna.test.ExcelDataProviderTestWithHashTable"/>
  <testcase name="testDataProviderUsingAllArgumentsExample" time="0.002" classname="com.krishna.test.ExcelDataProviderTestWithHashTable"/>
</testsuite> <!-- com.krishna.test.ExcelDataProviderTestWithHashTable -->
