<?xml version="1.0" encoding="UTF-8"?>
<!-- Generated by org.testng.reporters.JUnitReportReporter -->
<testsuite name="com.krishna.test.SimpleKrishnaTest" tests="1" time="0.009" ignored="0" failures="0" timestamp="20 Mar 2019 00:11:29 GMT" skipped="0" hostname="Krishnas-MacBook-Pro-2.local" errors="0">
  <testcase name="testGoogleData" time="0.009" classname="com.krishna.test.SimpleKrishnaTest"/>
</testsuite> <!-- com.krishna.test.SimpleKrishnaTest -->
