<?xml version="1.0" encoding="UTF-8"?>
<!-- Generated by org.testng.reporters.JUnitReportReporter -->
<testsuite name="com.krishna.test.ExcelDataProviderTestUsingThirdPartyLibrary" tests="2" time="0.019" ignored="0" failures="0" timestamp="20 Mar 2019 00:36:07 GMT" skipped="0" hostname="Krishnas-MacBook-Pro-2.local" errors="0">
  <testcase name="testDataProviderUsingMapWithThirdParty" time="0.002" classname="com.krishna.test.ExcelDataProviderTestUsingThirdPartyLibrary"/>
  <testcase name="testWithBeanClass" time="0.017" classname="com.krishna.test.ExcelDataProviderTestUsingThirdPartyLibrary"/>
</testsuite> <!-- com.krishna.test.ExcelDataProviderTestUsingThirdPartyLibrary -->
