<?xml version="1.0" encoding="UTF-8"?>
<!-- Generated by org.testng.reporters.JUnitReportReporter -->
<testsuite skipped="1" hostname="LM-SJC-11008892" name="com.krishna.service.tests.TestServiceTests" tests="1" failures="0" timestamp="12 Oct 2018 21:53:49 GMT" time="0.000" errors="0">
  <testcase name="testService" time="0.000" classname="com.krishna.service.tests.TestServiceTests">
    <skipped/>
  </testcase> <!-- testService -->
</testsuite> <!-- com.krishna.service.tests.TestServiceTests -->
