<?xml version="1.0" encoding="UTF-8"?>
<!-- Generated by org.testng.reporters.JUnitReportReporter -->
<testsuite skipped="0" hostname="Krishnas-MacBook-Pro.local" name="com.krishna.service.tests.TestServiceTests" tests="1" failures="0" timestamp="22 Oct 2018 07:33:23 GMT" time="0.464" errors="0">
  <testcase name="testService" time="0.464" classname="com.krishna.service.tests.TestServiceTests"/>
</testsuite> <!-- com.krishna.service.tests.TestServiceTests -->
